<?xml version="1.0" encoding="UTF-8"?>
<testsuite xmlns:xsi="http://www.w3.org/2001/XMLSchema-instance" xsi:noNamespaceSchemaLocation="https://maven.apache.org/surefire/maven-surefire-plugin/xsd/surefire-test-report.xsd" version="3.0.2" name="cardsapi.HandTest" time="0.013" tests="10" errors="0" skipped="0" failures="0">
  <properties>
[...]
</properties>
  <testcase name="sizeStartsAtZero" classname="cardsapi.HandTest" time="0.001"/>
  <testcase name="addCardWorks" classname="cardsapi.HandTest" time="0.001"/>
  <testcase name="emptyNameThrowsException" classname="cardsapi.HandTest" time="0.0"/>
  <testcase name="getCardsIsUnmodifiable" classname="cardsapi.HandTest" time="0.0"/>
  <testcase name="validConstructor" classname="cardsapi.HandTest" time="0.0"/>
  <testcase name="addMultipleCardsWorks" classname="cardsapi.HandTest" time="0.001"/>
  <testcase name="sizeChangesAfterAddAndRemove" classname="cardsapi.HandTest" time="0.0"/>
  <testcase name="removeMissingCardDoesNothing" classname="cardsapi.HandTest" time="0.002"/>
  <testcase name="removeCardWorks" classname="cardsapi.HandTest" time="0.002"/>
  <testcase name="nullNameThrowsException" classname="cardsapi.HandTest" time="0.0"/>
</testsuite>